# biosdecode 3.5
SMBIOS 2.4 present.
	Structure Table Length: 1019 bytes
	Structure Table Address: 0x000F0100
	Number Of Structures: 33
	Maximum Structure Size: 93 bytes
Intel Multiprocessor present.
	Specification Revision: 1.4
	Configuration Table Address: 0x000F0D00
	Mode: Virtual Wire
ACPI 1.0 present.
	OEM Identifier: GBT   
	RSD Table 32-bit Address: 0xCFEE3040
BIOS32 Service Directory present.
	Revision: 0
	Calling Interface Address: 0x000FB060
PNP BIOS 1.0 present.
	Event Notification: Not Supported
	Real Mode 16-bit Code Address: F000:B7F8
	Real Mode 16-bit Data Address: F000:0000
	16-bit Protected Mode Code Address: 0x000FB7D0
	16-bit Protected Mode Data Address: 0x000F0000
