0000-0cf7 : PCI Bus 0000:00
  0000-001f : dma1
  0020-0021 : pic1
  0040-0043 : timer0
  0050-0053 : timer1
  0060-0060 : keyboard
  0061-0061 : PNP0800:00
  0064-0064 : keyboard
  0070-0073 : rtc0
  0080-008f : dma page reg
  00a0-00a1 : pic2
  00c0-00df : dma2
  00f0-00ff : PNP0C04:00
    00f0-00ff : fpu
  0170-0177 : 0000:00:1f.2
    0170-0177 : ata_piix
  01f0-01f7 : 0000:00:1f.2
    01f0-01f7 : ata_piix
  0290-029f : pnp 00:00
    0290-0294 : pnp 00:00
  0376-0376 : 0000:00:1f.2
    0376-0376 : ata_piix
  0378-037a : parport0
  03c0-03df : vga+
  03f6-03f6 : 0000:00:1f.2
    03f6-03f6 : ata_piix
  03f8-03ff : serial
  0400-047f : 0000:00:1f.0
    0400-0403 : ACPI PM1a_EVT_BLK
    0404-0405 : ACPI PM1a_CNT_BLK
    0408-040b : ACPI PM_TMR
    0410-0415 : ACPI CPU throttle
    0420-0420 : ACPI PM2_CNT_BLK
    0428-042f : ACPI GPE0_BLK
    0430-0433 : iTCO_wdt.1.auto
      0430-0433 : iTCO_wdt
    0460-047f : iTCO_wdt.1.auto
      0460-047f : iTCO_wdt
  0480-04bf : gpio_ich.2.auto
    0480-04bf : 0000:00:1f.0
  04d0-04d1 : pnp 00:00
  0500-051f : 0000:00:1f.3
    0500-051f : i801_smbus
  0800-087f : pnp 00:00
  0880-088f : pnp 00:00
0cf8-0cff : PCI conf1
0d00-ffff : PCI Bus 0000:00
  1000-1fff : PCI Bus 0000:02
  2000-2fff : PCI Bus 0000:04
    2000-20ff : 0000:04:02.0
      2000-20ff : via-rhine
  3000-301f : 0000:00:1d.0
    3000-301f : uhci_hcd
  3020-303f : 0000:00:1d.1
    3020-303f : uhci_hcd
  3040-305f : 0000:00:1d.2
    3040-305f : uhci_hcd
  3060-307f : 0000:00:1d.3
    3060-307f : uhci_hcd
  3080-308f : 0000:00:1f.2
    3080-308f : ata_piix
  d000-dfff : PCI Bus 0000:01
    df00-df7f : 0000:01:00.0
  f000-ffff : PCI Bus 0000:03
